<?xml version="1.0" encoding="UTF-8"?>
<!-- Generated by org.testng.reporters.JUnitXMLReporter -->
<testsuite ignored="0" hostname="DESKTOP-E58OIO1" failures="3" tests="30" name="POM Test" time="383.32" errors="0" timestamp="2022-03-28T17:31:25 GMT-04:00">
  <testcase classname="com.pom.qa.testcases.LoginPageTest" name="CorrectEmailwrongPwdTest" time="1.681"/>
  <testcase classname="com.pom.qa.testcases.LoginPageTest" name="LoginFromKeyboard" time="7.988"/>
  <testcase classname="com.pom.qa.testcases.LoginPageTest" name="LoginWithIncorrectData" time="1.974"/>
  <testcase classname="com.pom.qa.testcases.LoginPageTest" name="SuccessfulLogInTest" time="7.62"/>
  <testcase classname="com.pom.qa.testcases.LoginPageTest" name="WronEmailcorrectPwdTest" time="3.086"/>
  <testcase classname="com.pom.qa.testcases.LoginPageTest" name="correctEmailemptyPwdTest" time="1.473"/>
  <testcase classname="com.pom.qa.testcases.LoginPageTest" name="emailboxpresenttest" time="0.074"/>
  <testcase classname="com.pom.qa.testcases.LoginPageTest" name="emptyEmailEmptyPwdTest" time="2.082">
    <failure type="java.lang.AssertionError" message="expected [An email address required.] but found [Invalid email address.]">
      <![CDATA[java.lang.AssertionError: expected [An email address required.] but found [Invalid email address.]
at com.pom.qa.testcases.LoginPageTest.emptyEmailEmptyPwdTest(LoginPageTest.java:125)
at java.base/java.util.ArrayList.forEach(ArrayList.java:1511)
... Removed 33 stack frames]]>
    </failure>
  </testcase> <!-- emptyEmailEmptyPwdTest -->
  <testcase classname="com.pom.qa.testcases.LoginPageTest" name="emptyEmailcorrectPwdTest" time="2.833"/>
  <testcase classname="com.pom.qa.testcases.LoginPageTest" name="emptyEmailinvalidPwdTest" time="2.439">
    <failure type="java.lang.AssertionError" message="expected [An email address required.] but found [Invalid email address.]">
      <![CDATA[java.lang.AssertionError: expected [An email address required.] but found [Invalid email address.]
at com.pom.qa.testcases.LoginPageTest.emptyEmailinvalidPwdTest(LoginPageTest.java:131)
at java.base/java.util.ArrayList.forEach(ArrayList.java:1511)
... Removed 33 stack frames]]>
    </failure>
  </testcase> <!-- emptyEmailinvalidPwdTest -->
  <testcase classname="com.pom.qa.testcases.LoginPageTest" name="emptyEmailwronPwdTest" time="1.369"/>
  <testcase classname="com.pom.qa.testcases.LoginPageTest" name="forgotpwdLinkTest" time="3.911"/>
  <testcase classname="com.pom.qa.testcases.LoginPageTest" name="invalidEmaiemptyPwdTest" time="1.933"/>
  <testcase classname="com.pom.qa.testcases.LoginPageTest" name="invalidEmailcorrectPwdTest" time="2.737"/>
  <testcase classname="com.pom.qa.testcases.LoginPageTest" name="invalidEmailwronPwdTest" time="4.117"/>
  <testcase classname="com.pom.qa.testcases.LoginPageTest" name="loginTitleTest" time="0.009"/>
  <testcase classname="com.pom.qa.testcases.LoginPageTest" name="loginWithEnterbtnCorrectEmailemptypwdTest" time="1.628">
    <failure type="java.lang.AssertionError" message="expected [Password is required.] but found [Invalid password.]">
      <![CDATA[java.lang.AssertionError: expected [Password is required.] but found [Invalid password.]
at com.pom.qa.testcases.LoginPageTest.loginWithEnterbtnCorrectEmailemptypwdTest(LoginPageTest.java:143)
at java.base/java.util.ArrayList.forEach(ArrayList.java:1511)
... Removed 33 stack frames]]>
    </failure>
  </testcase> <!-- loginWithEnterbtnCorrectEmailemptypwdTest -->
  <testcase classname="com.pom.qa.testcases.LoginPageTest" name="pwdboxPresentTest" time="0.074"/>
  <testcase classname="com.pom.qa.testcases.LoginPageTest" name="registerlinkTextTest" time="0.053"/>
  <testcase classname="com.pom.qa.testcases.LoginPageTest" name="reglinkDispalyedTest" time="0.076"/>
  <testcase classname="com.pom.qa.testcases.LoginPageTest" name="signinbtnEnableTest" time="0.041"/>
  <testcase classname="com.pom.qa.testcases.LoginPageTest" name="verifyForgotPwdTest" time="0.075"/>
  <testcase classname="com.pom.qa.testcases.LoginPageTest" name="wronEmailemtyPwdTest" time="2.901"/>
  <testcase classname="com.pom.qa.testcases.ForgotPwPageTest" name="BackButtonverify" time="0.04"/>
  <testcase classname="com.pom.qa.testcases.ForgotPwPageTest" name="emailboxverify" time="0.057"/>
  <testcase classname="com.pom.qa.testcases.ForgotPwPageTest" name="forgotpwstextverify" time="0.046"/>
  <testcase classname="com.pom.qa.testcases.HomePageTest" name="homepagetitle" time="0.007"/>
  <testcase classname="com.pom.qa.testcases.HomePageTest" name="logoPresenttest" time="0.048"/>
  <testcase classname="com.pom.qa.testcases.HomePageTest" name="signoutbtntest" time="0.045"/>
  <testcase classname="com.pom.qa.testcases.HomePageTest" name="verifyUsername" time="0.043"/>
</testsuite> <!-- POM Test -->
