<?xml version="1.0" encoding="UTF-8"?>
<testng-results ignored="0" total="30" passed="27" failed="3" skipped="0">
  <reporter-output>
  </reporter-output>
  <suite started-at="2022-03-28T17:25:01 GMT-04:00" name="POM Suite" finished-at="2022-03-28T17:31:25 GMT-04:00" duration-ms="383320">
    <groups>
    </groups>
    <test started-at="2022-03-28T17:25:01 GMT-04:00" name="POM Test" finished-at="2022-03-28T17:31:25 GMT-04:00" duration-ms="383320">
      <class name="com.pom.qa.testcases.LoginPageTest">
        <test-method is-config="true" signature="setUp()[pri:0, instance:com.pom.qa.testcases.LoginPageTest@771a660]" started-at="2022-03-28T17:25:02 GMT-04:00" name="setUp" finished-at="2022-03-28T17:25:15 GMT-04:00" duration-ms="13047" status="PASS">
          <reporter-output>
          </reporter-output>
        </test-method> <!-- setUp -->
        <test-method signature="CorrectEmailwrongPwdTest()[pri:0, instance:com.pom.qa.testcases.LoginPageTest@771a660]" started-at="2022-03-28T17:25:15 GMT-04:00" name="CorrectEmailwrongPwdTest" finished-at="2022-03-28T17:25:16 GMT-04:00" duration-ms="1681" status="PASS">
          <reporter-output>
          </reporter-output>
        </test-method> <!-- CorrectEmailwrongPwdTest -->
        <test-method is-config="true" signature="tearDown()[pri:0, instance:com.pom.qa.testcases.LoginPageTest@771a660]" started-at="2022-03-28T17:25:16 GMT-04:00" name="tearDown" finished-at="2022-03-28T17:25:17 GMT-04:00" duration-ms="834" status="PASS">
          <reporter-output>
          </reporter-output>
        </test-method> <!-- tearDown -->
        <test-method is-config="true" signature="setUp()[pri:0, instance:com.pom.qa.testcases.LoginPageTest@771a660]" started-at="2022-03-28T17:25:17 GMT-04:00" name="setUp" finished-at="2022-03-28T17:25:28 GMT-04:00" duration-ms="10758" status="PASS">
          <reporter-output>
          </reporter-output>
        </test-method> <!-- setUp -->
        <test-method signature="LoginFromKeyboard()[pri:0, instance:com.pom.qa.testcases.LoginPageTest@771a660]" started-at="2022-03-28T17:25:28 GMT-04:00" name="LoginFromKeyboard" finished-at="2022-03-28T17:25:36 GMT-04:00" duration-ms="7988" status="PASS">
          <reporter-output>
          </reporter-output>
        </test-method> <!-- LoginFromKeyboard -->
        <test-method is-config="true" signature="tearDown()[pri:0, instance:com.pom.qa.testcases.LoginPageTest@771a660]" started-at="2022-03-28T17:25:36 GMT-04:00" name="tearDown" finished-at="2022-03-28T17:25:37 GMT-04:00" duration-ms="1411" status="PASS">
          <reporter-output>
          </reporter-output>
        </test-method> <!-- tearDown -->
        <test-method is-config="true" signature="setUp()[pri:0, instance:com.pom.qa.testcases.LoginPageTest@771a660]" started-at="2022-03-28T17:25:37 GMT-04:00" name="setUp" finished-at="2022-03-28T17:25:44 GMT-04:00" duration-ms="6371" status="PASS">
          <reporter-output>
          </reporter-output>
        </test-method> <!-- setUp -->
        <test-method signature="LoginWithIncorrectData()[pri:0, instance:com.pom.qa.testcases.LoginPageTest@771a660]" started-at="2022-03-28T17:25:44 GMT-04:00" name="LoginWithIncorrectData" finished-at="2022-03-28T17:25:46 GMT-04:00" duration-ms="1974" status="PASS">
          <reporter-output>
          </reporter-output>
        </test-method> <!-- LoginWithIncorrectData -->
        <test-method is-config="true" signature="tearDown()[pri:0, instance:com.pom.qa.testcases.LoginPageTest@771a660]" started-at="2022-03-28T17:25:46 GMT-04:00" name="tearDown" finished-at="2022-03-28T17:25:46 GMT-04:00" duration-ms="680" status="PASS">
          <reporter-output>
          </reporter-output>
        </test-method> <!-- tearDown -->
        <test-method is-config="true" signature="setUp()[pri:0, instance:com.pom.qa.testcases.LoginPageTest@771a660]" started-at="2022-03-28T17:25:46 GMT-04:00" name="setUp" finished-at="2022-03-28T17:25:58 GMT-04:00" duration-ms="12059" status="PASS">
          <reporter-output>
          </reporter-output>
        </test-method> <!-- setUp -->
        <test-method signature="SuccessfulLogInTest()[pri:0, instance:com.pom.qa.testcases.LoginPageTest@771a660]" started-at="2022-03-28T17:25:58 GMT-04:00" name="SuccessfulLogInTest" finished-at="2022-03-28T17:26:06 GMT-04:00" duration-ms="7620" status="PASS">
          <reporter-output>
          </reporter-output>
        </test-method> <!-- SuccessfulLogInTest -->
        <test-method is-config="true" signature="tearDown()[pri:0, instance:com.pom.qa.testcases.LoginPageTest@771a660]" started-at="2022-03-28T17:26:06 GMT-04:00" name="tearDown" finished-at="2022-03-28T17:26:09 GMT-04:00" duration-ms="3032" status="PASS">
          <reporter-output>
          </reporter-output>
        </test-method> <!-- tearDown -->
        <test-method is-config="true" signature="setUp()[pri:0, instance:com.pom.qa.testcases.LoginPageTest@771a660]" started-at="2022-03-28T17:26:09 GMT-04:00" name="setUp" finished-at="2022-03-28T17:26:18 GMT-04:00" duration-ms="9309" status="PASS">
          <reporter-output>
          </reporter-output>
        </test-method> <!-- setUp -->
        <test-method signature="WronEmailcorrectPwdTest()[pri:0, instance:com.pom.qa.testcases.LoginPageTest@771a660]" started-at="2022-03-28T17:26:18 GMT-04:00" name="WronEmailcorrectPwdTest" finished-at="2022-03-28T17:26:21 GMT-04:00" duration-ms="3086" status="PASS">
          <reporter-output>
          </reporter-output>
        </test-method> <!-- WronEmailcorrectPwdTest -->
        <test-method is-config="true" signature="tearDown()[pri:0, instance:com.pom.qa.testcases.LoginPageTest@771a660]" started-at="2022-03-28T17:26:21 GMT-04:00" name="tearDown" finished-at="2022-03-28T17:26:23 GMT-04:00" duration-ms="1895" status="PASS">
          <reporter-output>
          </reporter-output>
        </test-method> <!-- tearDown -->
        <test-method is-config="true" signature="setUp()[pri:0, instance:com.pom.qa.testcases.LoginPageTest@771a660]" started-at="2022-03-28T17:26:23 GMT-04:00" name="setUp" finished-at="2022-03-28T17:26:30 GMT-04:00" duration-ms="6752" status="PASS">
          <reporter-output>
          </reporter-output>
        </test-method> <!-- setUp -->
        <test-method signature="correctEmailemptyPwdTest()[pri:0, instance:com.pom.qa.testcases.LoginPageTest@771a660]" started-at="2022-03-28T17:26:30 GMT-04:00" name="correctEmailemptyPwdTest" finished-at="2022-03-28T17:26:32 GMT-04:00" duration-ms="1473" status="PASS">
          <reporter-output>
          </reporter-output>
        </test-method> <!-- correctEmailemptyPwdTest -->
        <test-method is-config="true" signature="tearDown()[pri:0, instance:com.pom.qa.testcases.LoginPageTest@771a660]" started-at="2022-03-28T17:26:32 GMT-04:00" name="tearDown" finished-at="2022-03-28T17:26:32 GMT-04:00" duration-ms="912" status="PASS">
          <reporter-output>
          </reporter-output>
        </test-method> <!-- tearDown -->
        <test-method is-config="true" signature="setUp()[pri:0, instance:com.pom.qa.testcases.LoginPageTest@771a660]" started-at="2022-03-28T17:26:32 GMT-04:00" name="setUp" finished-at="2022-03-28T17:26:41 GMT-04:00" duration-ms="8162" status="PASS">
          <reporter-output>
          </reporter-output>
        </test-method> <!-- setUp -->
        <test-method signature="emailboxpresenttest()[pri:0, instance:com.pom.qa.testcases.LoginPageTest@771a660]" started-at="2022-03-28T17:26:41 GMT-04:00" name="emailboxpresenttest" finished-at="2022-03-28T17:26:41 GMT-04:00" duration-ms="74" status="PASS">
          <reporter-output>
          </reporter-output>
        </test-method> <!-- emailboxpresenttest -->
        <test-method is-config="true" signature="tearDown()[pri:0, instance:com.pom.qa.testcases.LoginPageTest@771a660]" started-at="2022-03-28T17:26:41 GMT-04:00" name="tearDown" finished-at="2022-03-28T17:26:41 GMT-04:00" duration-ms="652" status="PASS">
          <reporter-output>
          </reporter-output>
        </test-method> <!-- tearDown -->
        <test-method is-config="true" signature="setUp()[pri:0, instance:com.pom.qa.testcases.LoginPageTest@771a660]" started-at="2022-03-28T17:26:41 GMT-04:00" name="setUp" finished-at="2022-03-28T17:26:49 GMT-04:00" duration-ms="7699" status="PASS">
          <reporter-output>
          </reporter-output>
        </test-method> <!-- setUp -->
        <test-method signature="emptyEmailEmptyPwdTest()[pri:0, instance:com.pom.qa.testcases.LoginPageTest@771a660]" started-at="2022-03-28T17:26:49 GMT-04:00" name="emptyEmailEmptyPwdTest" finished-at="2022-03-28T17:26:51 GMT-04:00" duration-ms="2082" status="FAIL">
          <exception class="java.lang.AssertionError">
            <message>
              <![CDATA[expected [An email address required.] but found [Invalid email address.]]]>
            </message>
            <full-stacktrace>
              <![CDATA[java.lang.AssertionError: expected [An email address required.] but found [Invalid email address.]
at org.testng.Assert.fail(Assert.java:110)
at org.testng.Assert.failNotEquals(Assert.java:1413)
at org.testng.Assert.assertEqualsImpl(Assert.java:149)
at org.testng.Assert.assertEquals(Assert.java:131)
at org.testng.Assert.assertEquals(Assert.java:655)
at org.testng.Assert.assertEquals(Assert.java:665)
at com.pom.qa.testcases.LoginPageTest.emptyEmailEmptyPwdTest(LoginPageTest.java:125)
at java.base/jdk.internal.reflect.NativeMethodAccessorImpl.invoke0(Native Method)
at java.base/jdk.internal.reflect.NativeMethodAccessorImpl.invoke(NativeMethodAccessorImpl.java:64)
at java.base/jdk.internal.reflect.DelegatingMethodAccessorImpl.invoke(DelegatingMethodAccessorImpl.java:43)
at java.base/java.lang.reflect.Method.invoke(Method.java:564)
at org.testng.internal.invokers.MethodInvocationHelper.invokeMethod(MethodInvocationHelper.java:135)
at org.testng.internal.invokers.TestInvoker.invokeMethod(TestInvoker.java:673)
at org.testng.internal.invokers.TestInvoker.invokeTestMethod(TestInvoker.java:220)
at org.testng.internal.invokers.MethodRunner.runInSequence(MethodRunner.java:50)
at org.testng.internal.invokers.TestInvoker$MethodInvocationAgent.invoke(TestInvoker.java:945)
at org.testng.internal.invokers.TestInvoker.invokeTestMethods(TestInvoker.java:193)
at org.testng.internal.invokers.TestMethodWorker.invokeTestMethods(TestMethodWorker.java:146)
at org.testng.internal.invokers.TestMethodWorker.run(TestMethodWorker.java:128)
at java.base/java.util.ArrayList.forEach(ArrayList.java:1511)
at org.testng.TestRunner.privateRun(TestRunner.java:808)
at org.testng.TestRunner.run(TestRunner.java:603)
at org.testng.SuiteRunner.runTest(SuiteRunner.java:429)
at org.testng.SuiteRunner.runSequentially(SuiteRunner.java:423)
at org.testng.SuiteRunner.privateRun(SuiteRunner.java:383)
at org.testng.SuiteRunner.run(SuiteRunner.java:326)
at org.testng.SuiteRunnerWorker.runSuite(SuiteRunnerWorker.java:52)
at org.testng.SuiteRunnerWorker.run(SuiteRunnerWorker.java:95)
at org.testng.TestNG.runSuitesSequentially(TestNG.java:1249)
at org.testng.TestNG.runSuitesLocally(TestNG.java:1169)
at org.testng.TestNG.runSuites(TestNG.java:1092)
at org.testng.TestNG.run(TestNG.java:1060)
at org.testng.remote.AbstractRemoteTestNG.run(AbstractRemoteTestNG.java:115)
at org.testng.remote.RemoteTestNG.initAndRun(RemoteTestNG.java:251)
at org.testng.remote.RemoteTestNG.main(RemoteTestNG.java:77)
]]>
            </full-stacktrace>
          </exception> <!-- java.lang.AssertionError -->
          <reporter-output>
          </reporter-output>
        </test-method> <!-- emptyEmailEmptyPwdTest -->
        <test-method is-config="true" signature="tearDown()[pri:0, instance:com.pom.qa.testcases.LoginPageTest@771a660]" started-at="2022-03-28T17:26:51 GMT-04:00" name="tearDown" finished-at="2022-03-28T17:26:52 GMT-04:00" duration-ms="671" status="PASS">
          <reporter-output>
          </reporter-output>
        </test-method> <!-- tearDown -->
        <test-method is-config="true" signature="setUp()[pri:0, instance:com.pom.qa.testcases.LoginPageTest@771a660]" started-at="2022-03-28T17:26:52 GMT-04:00" name="setUp" finished-at="2022-03-28T17:27:00 GMT-04:00" duration-ms="8262" status="PASS">
          <reporter-output>
          </reporter-output>
        </test-method> <!-- setUp -->
        <test-method signature="emptyEmailcorrectPwdTest()[pri:0, instance:com.pom.qa.testcases.LoginPageTest@771a660]" started-at="2022-03-28T17:27:00 GMT-04:00" name="emptyEmailcorrectPwdTest" finished-at="2022-03-28T17:27:03 GMT-04:00" duration-ms="2833" status="PASS">
          <reporter-output>
          </reporter-output>
        </test-method> <!-- emptyEmailcorrectPwdTest -->
        <test-method is-config="true" signature="tearDown()[pri:0, instance:com.pom.qa.testcases.LoginPageTest@771a660]" started-at="2022-03-28T17:27:03 GMT-04:00" name="tearDown" finished-at="2022-03-28T17:27:06 GMT-04:00" duration-ms="2787" status="PASS">
          <reporter-output>
          </reporter-output>
        </test-method> <!-- tearDown -->
        <test-method is-config="true" signature="setUp()[pri:0, instance:com.pom.qa.testcases.LoginPageTest@771a660]" started-at="2022-03-28T17:27:06 GMT-04:00" name="setUp" finished-at="2022-03-28T17:27:13 GMT-04:00" duration-ms="7696" status="PASS">
          <reporter-output>
          </reporter-output>
        </test-method> <!-- setUp -->
        <test-method signature="emptyEmailinvalidPwdTest()[pri:0, instance:com.pom.qa.testcases.LoginPageTest@771a660]" started-at="2022-03-28T17:27:13 GMT-04:00" name="emptyEmailinvalidPwdTest" finished-at="2022-03-28T17:27:16 GMT-04:00" duration-ms="2439" status="FAIL">
          <exception class="java.lang.AssertionError">
            <message>
              <![CDATA[expected [An email address required.] but found [Invalid email address.]]]>
            </message>
            <full-stacktrace>
              <![CDATA[java.lang.AssertionError: expected [An email address required.] but found [Invalid email address.]
at org.testng.Assert.fail(Assert.java:110)
at org.testng.Assert.failNotEquals(Assert.java:1413)
at org.testng.Assert.assertEqualsImpl(Assert.java:149)
at org.testng.Assert.assertEquals(Assert.java:131)
at org.testng.Assert.assertEquals(Assert.java:655)
at org.testng.Assert.assertEquals(Assert.java:665)
at com.pom.qa.testcases.LoginPageTest.emptyEmailinvalidPwdTest(LoginPageTest.java:131)
at java.base/jdk.internal.reflect.NativeMethodAccessorImpl.invoke0(Native Method)
at java.base/jdk.internal.reflect.NativeMethodAccessorImpl.invoke(NativeMethodAccessorImpl.java:64)
at java.base/jdk.internal.reflect.DelegatingMethodAccessorImpl.invoke(DelegatingMethodAccessorImpl.java:43)
at java.base/java.lang.reflect.Method.invoke(Method.java:564)
at org.testng.internal.invokers.MethodInvocationHelper.invokeMethod(MethodInvocationHelper.java:135)
at org.testng.internal.invokers.TestInvoker.invokeMethod(TestInvoker.java:673)
at org.testng.internal.invokers.TestInvoker.invokeTestMethod(TestInvoker.java:220)
at org.testng.internal.invokers.MethodRunner.runInSequence(MethodRunner.java:50)
at org.testng.internal.invokers.TestInvoker$MethodInvocationAgent.invoke(TestInvoker.java:945)
at org.testng.internal.invokers.TestInvoker.invokeTestMethods(TestInvoker.java:193)
at org.testng.internal.invokers.TestMethodWorker.invokeTestMethods(TestMethodWorker.java:146)
at org.testng.internal.invokers.TestMethodWorker.run(TestMethodWorker.java:128)
at java.base/java.util.ArrayList.forEach(ArrayList.java:1511)
at org.testng.TestRunner.privateRun(TestRunner.java:808)
at org.testng.TestRunner.run(TestRunner.java:603)
at org.testng.SuiteRunner.runTest(SuiteRunner.java:429)
at org.testng.SuiteRunner.runSequentially(SuiteRunner.java:423)
at org.testng.SuiteRunner.privateRun(SuiteRunner.java:383)
at org.testng.SuiteRunner.run(SuiteRunner.java:326)
at org.testng.SuiteRunnerWorker.runSuite(SuiteRunnerWorker.java:52)
at org.testng.SuiteRunnerWorker.run(SuiteRunnerWorker.java:95)
at org.testng.TestNG.runSuitesSequentially(TestNG.java:1249)
at org.testng.TestNG.runSuitesLocally(TestNG.java:1169)
at org.testng.TestNG.runSuites(TestNG.java:1092)
at org.testng.TestNG.run(TestNG.java:1060)
at org.testng.remote.AbstractRemoteTestNG.run(AbstractRemoteTestNG.java:115)
at org.testng.remote.RemoteTestNG.initAndRun(RemoteTestNG.java:251)
at org.testng.remote.RemoteTestNG.main(RemoteTestNG.java:77)
]]>
            </full-stacktrace>
          </exception> <!-- java.lang.AssertionError -->
          <reporter-output>
          </reporter-output>
        </test-method> <!-- emptyEmailinvalidPwdTest -->
        <test-method is-config="true" signature="tearDown()[pri:0, instance:com.pom.qa.testcases.LoginPageTest@771a660]" started-at="2022-03-28T17:27:16 GMT-04:00" name="tearDown" finished-at="2022-03-28T17:27:16 GMT-04:00" duration-ms="681" status="PASS">
          <reporter-output>
          </reporter-output>
        </test-method> <!-- tearDown -->
        <test-method is-config="true" signature="setUp()[pri:0, instance:com.pom.qa.testcases.LoginPageTest@771a660]" started-at="2022-03-28T17:27:16 GMT-04:00" name="setUp" finished-at="2022-03-28T17:27:24 GMT-04:00" duration-ms="7089" status="PASS">
          <reporter-output>
          </reporter-output>
        </test-method> <!-- setUp -->
        <test-method signature="emptyEmailwronPwdTest()[pri:0, instance:com.pom.qa.testcases.LoginPageTest@771a660]" started-at="2022-03-28T17:27:24 GMT-04:00" name="emptyEmailwronPwdTest" finished-at="2022-03-28T17:27:25 GMT-04:00" duration-ms="1369" status="PASS">
          <reporter-output>
          </reporter-output>
        </test-method> <!-- emptyEmailwronPwdTest -->
        <test-method is-config="true" signature="tearDown()[pri:0, instance:com.pom.qa.testcases.LoginPageTest@771a660]" started-at="2022-03-28T17:27:25 GMT-04:00" name="tearDown" finished-at="2022-03-28T17:27:26 GMT-04:00" duration-ms="672" status="PASS">
          <reporter-output>
          </reporter-output>
        </test-method> <!-- tearDown -->
        <test-method is-config="true" signature="setUp()[pri:0, instance:com.pom.qa.testcases.LoginPageTest@771a660]" started-at="2022-03-28T17:27:26 GMT-04:00" name="setUp" finished-at="2022-03-28T17:27:34 GMT-04:00" duration-ms="8617" status="PASS">
          <reporter-output>
          </reporter-output>
        </test-method> <!-- setUp -->
        <test-method signature="forgotpwdLinkTest()[pri:0, instance:com.pom.qa.testcases.LoginPageTest@771a660]" started-at="2022-03-28T17:27:34 GMT-04:00" name="forgotpwdLinkTest" finished-at="2022-03-28T17:27:38 GMT-04:00" duration-ms="3911" status="PASS">
          <reporter-output>
          </reporter-output>
        </test-method> <!-- forgotpwdLinkTest -->
        <test-method is-config="true" signature="tearDown()[pri:0, instance:com.pom.qa.testcases.LoginPageTest@771a660]" started-at="2022-03-28T17:27:38 GMT-04:00" name="tearDown" finished-at="2022-03-28T17:27:39 GMT-04:00" duration-ms="1099" status="PASS">
          <reporter-output>
          </reporter-output>
        </test-method> <!-- tearDown -->
        <test-method is-config="true" signature="setUp()[pri:0, instance:com.pom.qa.testcases.LoginPageTest@771a660]" started-at="2022-03-28T17:27:39 GMT-04:00" name="setUp" finished-at="2022-03-28T17:27:51 GMT-04:00" duration-ms="11671" status="PASS">
          <reporter-output>
          </reporter-output>
        </test-method> <!-- setUp -->
        <test-method signature="invalidEmaiemptyPwdTest()[pri:0, instance:com.pom.qa.testcases.LoginPageTest@771a660]" started-at="2022-03-28T17:27:51 GMT-04:00" name="invalidEmaiemptyPwdTest" finished-at="2022-03-28T17:27:53 GMT-04:00" duration-ms="1933" status="PASS">
          <reporter-output>
          </reporter-output>
        </test-method> <!-- invalidEmaiemptyPwdTest -->
        <test-method is-config="true" signature="tearDown()[pri:0, instance:com.pom.qa.testcases.LoginPageTest@771a660]" started-at="2022-03-28T17:27:53 GMT-04:00" name="tearDown" finished-at="2022-03-28T17:27:57 GMT-04:00" duration-ms="3685" status="PASS">
          <reporter-output>
          </reporter-output>
        </test-method> <!-- tearDown -->
        <test-method is-config="true" signature="setUp()[pri:0, instance:com.pom.qa.testcases.LoginPageTest@771a660]" started-at="2022-03-28T17:27:57 GMT-04:00" name="setUp" finished-at="2022-03-28T17:28:04 GMT-04:00" duration-ms="7761" status="PASS">
          <reporter-output>
          </reporter-output>
        </test-method> <!-- setUp -->
        <test-method signature="invalidEmailcorrectPwdTest()[pri:0, instance:com.pom.qa.testcases.LoginPageTest@771a660]" started-at="2022-03-28T17:28:04 GMT-04:00" name="invalidEmailcorrectPwdTest" finished-at="2022-03-28T17:28:07 GMT-04:00" duration-ms="2737" status="PASS">
          <reporter-output>
          </reporter-output>
        </test-method> <!-- invalidEmailcorrectPwdTest -->
        <test-method is-config="true" signature="tearDown()[pri:0, instance:com.pom.qa.testcases.LoginPageTest@771a660]" started-at="2022-03-28T17:28:07 GMT-04:00" name="tearDown" finished-at="2022-03-28T17:28:08 GMT-04:00" duration-ms="649" status="PASS">
          <reporter-output>
          </reporter-output>
        </test-method> <!-- tearDown -->
        <test-method is-config="true" signature="setUp()[pri:0, instance:com.pom.qa.testcases.LoginPageTest@771a660]" started-at="2022-03-28T17:28:08 GMT-04:00" name="setUp" finished-at="2022-03-28T17:28:19 GMT-04:00" duration-ms="11653" status="PASS">
          <reporter-output>
          </reporter-output>
        </test-method> <!-- setUp -->
        <test-method signature="invalidEmailwronPwdTest()[pri:0, instance:com.pom.qa.testcases.LoginPageTest@771a660]" started-at="2022-03-28T17:28:19 GMT-04:00" name="invalidEmailwronPwdTest" finished-at="2022-03-28T17:28:23 GMT-04:00" duration-ms="4117" status="PASS">
          <reporter-output>
          </reporter-output>
        </test-method> <!-- invalidEmailwronPwdTest -->
        <test-method is-config="true" signature="tearDown()[pri:0, instance:com.pom.qa.testcases.LoginPageTest@771a660]" started-at="2022-03-28T17:28:23 GMT-04:00" name="tearDown" finished-at="2022-03-28T17:28:32 GMT-04:00" duration-ms="8771" status="PASS">
          <reporter-output>
          </reporter-output>
        </test-method> <!-- tearDown -->
        <test-method is-config="true" signature="setUp()[pri:0, instance:com.pom.qa.testcases.LoginPageTest@771a660]" started-at="2022-03-28T17:28:32 GMT-04:00" name="setUp" finished-at="2022-03-28T17:28:40 GMT-04:00" duration-ms="7433" status="PASS">
          <reporter-output>
          </reporter-output>
        </test-method> <!-- setUp -->
        <test-method signature="loginTitleTest()[pri:0, instance:com.pom.qa.testcases.LoginPageTest@771a660]" started-at="2022-03-28T17:28:40 GMT-04:00" name="loginTitleTest" finished-at="2022-03-28T17:28:40 GMT-04:00" duration-ms="9" status="PASS">
          <reporter-output>
          </reporter-output>
        </test-method> <!-- loginTitleTest -->
        <test-method is-config="true" signature="tearDown()[pri:0, instance:com.pom.qa.testcases.LoginPageTest@771a660]" started-at="2022-03-28T17:28:40 GMT-04:00" name="tearDown" finished-at="2022-03-28T17:28:40 GMT-04:00" duration-ms="740" status="PASS">
          <reporter-output>
          </reporter-output>
        </test-method> <!-- tearDown -->
        <test-method is-config="true" signature="setUp()[pri:0, instance:com.pom.qa.testcases.LoginPageTest@771a660]" started-at="2022-03-28T17:28:40 GMT-04:00" name="setUp" finished-at="2022-03-28T17:28:49 GMT-04:00" duration-ms="8952" status="PASS">
          <reporter-output>
          </reporter-output>
        </test-method> <!-- setUp -->
        <test-method signature="loginWithEnterbtnCorrectEmailemptypwdTest()[pri:0, instance:com.pom.qa.testcases.LoginPageTest@771a660]" started-at="2022-03-28T17:28:49 GMT-04:00" name="loginWithEnterbtnCorrectEmailemptypwdTest" finished-at="2022-03-28T17:28:51 GMT-04:00" duration-ms="1628" status="FAIL">
          <exception class="java.lang.AssertionError">
            <message>
              <![CDATA[expected [Password is required.] but found [Invalid password.]]]>
            </message>
            <full-stacktrace>
              <![CDATA[java.lang.AssertionError: expected [Password is required.] but found [Invalid password.]
at org.testng.Assert.fail(Assert.java:110)
at org.testng.Assert.failNotEquals(Assert.java:1413)
at org.testng.Assert.assertEqualsImpl(Assert.java:149)
at org.testng.Assert.assertEquals(Assert.java:131)
at org.testng.Assert.assertEquals(Assert.java:655)
at org.testng.Assert.assertEquals(Assert.java:665)
at com.pom.qa.testcases.LoginPageTest.loginWithEnterbtnCorrectEmailemptypwdTest(LoginPageTest.java:143)
at java.base/jdk.internal.reflect.NativeMethodAccessorImpl.invoke0(Native Method)
at java.base/jdk.internal.reflect.NativeMethodAccessorImpl.invoke(NativeMethodAccessorImpl.java:64)
at java.base/jdk.internal.reflect.DelegatingMethodAccessorImpl.invoke(DelegatingMethodAccessorImpl.java:43)
at java.base/java.lang.reflect.Method.invoke(Method.java:564)
at org.testng.internal.invokers.MethodInvocationHelper.invokeMethod(MethodInvocationHelper.java:135)
at org.testng.internal.invokers.TestInvoker.invokeMethod(TestInvoker.java:673)
at org.testng.internal.invokers.TestInvoker.invokeTestMethod(TestInvoker.java:220)
at org.testng.internal.invokers.MethodRunner.runInSequence(MethodRunner.java:50)
at org.testng.internal.invokers.TestInvoker$MethodInvocationAgent.invoke(TestInvoker.java:945)
at org.testng.internal.invokers.TestInvoker.invokeTestMethods(TestInvoker.java:193)
at org.testng.internal.invokers.TestMethodWorker.invokeTestMethods(TestMethodWorker.java:146)
at org.testng.internal.invokers.TestMethodWorker.run(TestMethodWorker.java:128)
at java.base/java.util.ArrayList.forEach(ArrayList.java:1511)
at org.testng.TestRunner.privateRun(TestRunner.java:808)
at org.testng.TestRunner.run(TestRunner.java:603)
at org.testng.SuiteRunner.runTest(SuiteRunner.java:429)
at org.testng.SuiteRunner.runSequentially(SuiteRunner.java:423)
at org.testng.SuiteRunner.privateRun(SuiteRunner.java:383)
at org.testng.SuiteRunner.run(SuiteRunner.java:326)
at org.testng.SuiteRunnerWorker.runSuite(SuiteRunnerWorker.java:52)
at org.testng.SuiteRunnerWorker.run(SuiteRunnerWorker.java:95)
at org.testng.TestNG.runSuitesSequentially(TestNG.java:1249)
at org.testng.TestNG.runSuitesLocally(TestNG.java:1169)
at org.testng.TestNG.runSuites(TestNG.java:1092)
at org.testng.TestNG.run(TestNG.java:1060)
at org.testng.remote.AbstractRemoteTestNG.run(AbstractRemoteTestNG.java:115)
at org.testng.remote.RemoteTestNG.initAndRun(RemoteTestNG.java:251)
at org.testng.remote.RemoteTestNG.main(RemoteTestNG.java:77)
]]>
            </full-stacktrace>
          </exception> <!-- java.lang.AssertionError -->
          <reporter-output>
          </reporter-output>
        </test-method> <!-- loginWithEnterbtnCorrectEmailemptypwdTest -->
        <test-method is-config="true" signature="tearDown()[pri:0, instance:com.pom.qa.testcases.LoginPageTest@771a660]" started-at="2022-03-28T17:28:51 GMT-04:00" name="tearDown" finished-at="2022-03-28T17:28:53 GMT-04:00" duration-ms="2106" status="PASS">
          <reporter-output>
          </reporter-output>
        </test-method> <!-- tearDown -->
        <test-method is-config="true" signature="setUp()[pri:0, instance:com.pom.qa.testcases.LoginPageTest@771a660]" started-at="2022-03-28T17:28:53 GMT-04:00" name="setUp" finished-at="2022-03-28T17:29:00 GMT-04:00" duration-ms="7379" status="PASS">
          <reporter-output>
          </reporter-output>
        </test-method> <!-- setUp -->
        <test-method signature="pwdboxPresentTest()[pri:0, instance:com.pom.qa.testcases.LoginPageTest@771a660]" started-at="2022-03-28T17:29:00 GMT-04:00" name="pwdboxPresentTest" finished-at="2022-03-28T17:29:01 GMT-04:00" duration-ms="74" status="PASS">
          <reporter-output>
          </reporter-output>
        </test-method> <!-- pwdboxPresentTest -->
        <test-method is-config="true" signature="tearDown()[pri:0, instance:com.pom.qa.testcases.LoginPageTest@771a660]" started-at="2022-03-28T17:29:01 GMT-04:00" name="tearDown" finished-at="2022-03-28T17:29:01 GMT-04:00" duration-ms="692" status="PASS">
          <reporter-output>
          </reporter-output>
        </test-method> <!-- tearDown -->
        <test-method is-config="true" signature="setUp()[pri:0, instance:com.pom.qa.testcases.LoginPageTest@771a660]" started-at="2022-03-28T17:29:01 GMT-04:00" name="setUp" finished-at="2022-03-28T17:29:09 GMT-04:00" duration-ms="7711" status="PASS">
          <reporter-output>
          </reporter-output>
        </test-method> <!-- setUp -->
        <test-method signature="registerlinkTextTest()[pri:0, instance:com.pom.qa.testcases.LoginPageTest@771a660]" started-at="2022-03-28T17:29:09 GMT-04:00" name="registerlinkTextTest" finished-at="2022-03-28T17:29:09 GMT-04:00" duration-ms="53" status="PASS">
          <reporter-output>
          </reporter-output>
        </test-method> <!-- registerlinkTextTest -->
        <test-method is-config="true" signature="tearDown()[pri:0, instance:com.pom.qa.testcases.LoginPageTest@771a660]" started-at="2022-03-28T17:29:09 GMT-04:00" name="tearDown" finished-at="2022-03-28T17:29:10 GMT-04:00" duration-ms="659" status="PASS">
          <reporter-output>
          </reporter-output>
        </test-method> <!-- tearDown -->
        <test-method is-config="true" signature="setUp()[pri:0, instance:com.pom.qa.testcases.LoginPageTest@771a660]" started-at="2022-03-28T17:29:10 GMT-04:00" name="setUp" finished-at="2022-03-28T17:29:19 GMT-04:00" duration-ms="8837" status="PASS">
          <reporter-output>
          </reporter-output>
        </test-method> <!-- setUp -->
        <test-method signature="reglinkDispalyedTest()[pri:0, instance:com.pom.qa.testcases.LoginPageTest@771a660]" started-at="2022-03-28T17:29:19 GMT-04:00" name="reglinkDispalyedTest" finished-at="2022-03-28T17:29:19 GMT-04:00" duration-ms="76" status="PASS">
          <reporter-output>
          </reporter-output>
        </test-method> <!-- reglinkDispalyedTest -->
        <test-method is-config="true" signature="tearDown()[pri:0, instance:com.pom.qa.testcases.LoginPageTest@771a660]" started-at="2022-03-28T17:29:19 GMT-04:00" name="tearDown" finished-at="2022-03-28T17:29:19 GMT-04:00" duration-ms="679" status="PASS">
          <reporter-output>
          </reporter-output>
        </test-method> <!-- tearDown -->
        <test-method is-config="true" signature="setUp()[pri:0, instance:com.pom.qa.testcases.LoginPageTest@771a660]" started-at="2022-03-28T17:29:19 GMT-04:00" name="setUp" finished-at="2022-03-28T17:29:28 GMT-04:00" duration-ms="8552" status="PASS">
          <reporter-output>
          </reporter-output>
        </test-method> <!-- setUp -->
        <test-method signature="signinbtnEnableTest()[pri:0, instance:com.pom.qa.testcases.LoginPageTest@771a660]" started-at="2022-03-28T17:29:28 GMT-04:00" name="signinbtnEnableTest" finished-at="2022-03-28T17:29:28 GMT-04:00" duration-ms="41" status="PASS">
          <reporter-output>
          </reporter-output>
        </test-method> <!-- signinbtnEnableTest -->
        <test-method is-config="true" signature="tearDown()[pri:0, instance:com.pom.qa.testcases.LoginPageTest@771a660]" started-at="2022-03-28T17:29:28 GMT-04:00" name="tearDown" finished-at="2022-03-28T17:29:30 GMT-04:00" duration-ms="1926" status="PASS">
          <reporter-output>
          </reporter-output>
        </test-method> <!-- tearDown -->
        <test-method is-config="true" signature="setUp()[pri:0, instance:com.pom.qa.testcases.LoginPageTest@771a660]" started-at="2022-03-28T17:29:30 GMT-04:00" name="setUp" finished-at="2022-03-28T17:29:39 GMT-04:00" duration-ms="9169" status="PASS">
          <reporter-output>
          </reporter-output>
        </test-method> <!-- setUp -->
        <test-method signature="verifyForgotPwdTest()[pri:0, instance:com.pom.qa.testcases.LoginPageTest@771a660]" started-at="2022-03-28T17:29:39 GMT-04:00" name="verifyForgotPwdTest" finished-at="2022-03-28T17:29:39 GMT-04:00" duration-ms="75" status="PASS">
          <reporter-output>
          </reporter-output>
        </test-method> <!-- verifyForgotPwdTest -->
        <test-method is-config="true" signature="tearDown()[pri:0, instance:com.pom.qa.testcases.LoginPageTest@771a660]" started-at="2022-03-28T17:29:39 GMT-04:00" name="tearDown" finished-at="2022-03-28T17:29:40 GMT-04:00" duration-ms="1430" status="PASS">
          <reporter-output>
          </reporter-output>
        </test-method> <!-- tearDown -->
        <test-method is-config="true" signature="setUp()[pri:0, instance:com.pom.qa.testcases.LoginPageTest@771a660]" started-at="2022-03-28T17:29:40 GMT-04:00" name="setUp" finished-at="2022-03-28T17:29:50 GMT-04:00" duration-ms="9913" status="PASS">
          <reporter-output>
          </reporter-output>
        </test-method> <!-- setUp -->
        <test-method signature="wronEmailemtyPwdTest()[pri:0, instance:com.pom.qa.testcases.LoginPageTest@771a660]" started-at="2022-03-28T17:29:50 GMT-04:00" name="wronEmailemtyPwdTest" finished-at="2022-03-28T17:29:53 GMT-04:00" duration-ms="2901" status="PASS">
          <reporter-output>
          </reporter-output>
        </test-method> <!-- wronEmailemtyPwdTest -->
        <test-method is-config="true" signature="tearDown()[pri:0, instance:com.pom.qa.testcases.LoginPageTest@771a660]" started-at="2022-03-28T17:29:53 GMT-04:00" name="tearDown" finished-at="2022-03-28T17:29:55 GMT-04:00" duration-ms="1518" status="PASS">
          <reporter-output>
          </reporter-output>
        </test-method> <!-- tearDown -->
      </class> <!-- com.pom.qa.testcases.LoginPageTest -->
      <class name="com.pom.qa.testcases.HomePageTest">
        <test-method is-config="true" signature="setUp()[pri:0, instance:com.pom.qa.testcases.HomePageTest@5ab956d7]" started-at="2022-03-28T17:30:24 GMT-04:00" name="setUp" finished-at="2022-03-28T17:30:42 GMT-04:00" duration-ms="18004" status="PASS">
          <reporter-output>
          </reporter-output>
        </test-method> <!-- setUp -->
        <test-method signature="homepagetitle()[pri:0, instance:com.pom.qa.testcases.HomePageTest@5ab956d7]" started-at="2022-03-28T17:30:42 GMT-04:00" name="homepagetitle" finished-at="2022-03-28T17:30:42 GMT-04:00" duration-ms="7" status="PASS">
          <reporter-output>
          </reporter-output>
        </test-method> <!-- homepagetitle -->
        <test-method is-config="true" signature="tearDown()[pri:0, instance:com.pom.qa.testcases.HomePageTest@5ab956d7]" started-at="2022-03-28T17:30:42 GMT-04:00" name="tearDown" finished-at="2022-03-28T17:30:43 GMT-04:00" duration-ms="884" status="PASS">
          <reporter-output>
          </reporter-output>
        </test-method> <!-- tearDown -->
        <test-method is-config="true" signature="setUp()[pri:0, instance:com.pom.qa.testcases.HomePageTest@5ab956d7]" started-at="2022-03-28T17:30:43 GMT-04:00" name="setUp" finished-at="2022-03-28T17:30:59 GMT-04:00" duration-ms="15955" status="PASS">
          <reporter-output>
          </reporter-output>
        </test-method> <!-- setUp -->
        <test-method signature="logoPresenttest()[pri:0, instance:com.pom.qa.testcases.HomePageTest@5ab956d7]" started-at="2022-03-28T17:30:59 GMT-04:00" name="logoPresenttest" finished-at="2022-03-28T17:30:59 GMT-04:00" duration-ms="48" status="PASS">
          <reporter-output>
          </reporter-output>
        </test-method> <!-- logoPresenttest -->
        <test-method is-config="true" signature="tearDown()[pri:0, instance:com.pom.qa.testcases.HomePageTest@5ab956d7]" started-at="2022-03-28T17:30:59 GMT-04:00" name="tearDown" finished-at="2022-03-28T17:31:02 GMT-04:00" duration-ms="3138" status="PASS">
          <reporter-output>
          </reporter-output>
        </test-method> <!-- tearDown -->
        <test-method is-config="true" signature="setUp()[pri:0, instance:com.pom.qa.testcases.HomePageTest@5ab956d7]" started-at="2022-03-28T17:31:02 GMT-04:00" name="setUp" finished-at="2022-03-28T17:31:13 GMT-04:00" duration-ms="11442" status="PASS">
          <reporter-output>
          </reporter-output>
        </test-method> <!-- setUp -->
        <test-method signature="signoutbtntest()[pri:0, instance:com.pom.qa.testcases.HomePageTest@5ab956d7]" started-at="2022-03-28T17:31:13 GMT-04:00" name="signoutbtntest" finished-at="2022-03-28T17:31:13 GMT-04:00" duration-ms="45" status="PASS">
          <reporter-output>
          </reporter-output>
        </test-method> <!-- signoutbtntest -->
        <test-method is-config="true" signature="tearDown()[pri:0, instance:com.pom.qa.testcases.HomePageTest@5ab956d7]" started-at="2022-03-28T17:31:13 GMT-04:00" name="tearDown" finished-at="2022-03-28T17:31:14 GMT-04:00" duration-ms="779" status="PASS">
          <reporter-output>
          </reporter-output>
        </test-method> <!-- tearDown -->
        <test-method is-config="true" signature="setUp()[pri:0, instance:com.pom.qa.testcases.HomePageTest@5ab956d7]" started-at="2022-03-28T17:31:14 GMT-04:00" name="setUp" finished-at="2022-03-28T17:31:24 GMT-04:00" duration-ms="9920" status="PASS">
          <reporter-output>
          </reporter-output>
        </test-method> <!-- setUp -->
        <test-method signature="verifyUsername()[pri:0, instance:com.pom.qa.testcases.HomePageTest@5ab956d7]" started-at="2022-03-28T17:31:24 GMT-04:00" name="verifyUsername" finished-at="2022-03-28T17:31:24 GMT-04:00" duration-ms="43" status="PASS">
          <reporter-output>
          </reporter-output>
        </test-method> <!-- verifyUsername -->
        <test-method is-config="true" signature="tearDown()[pri:0, instance:com.pom.qa.testcases.HomePageTest@5ab956d7]" started-at="2022-03-28T17:31:24 GMT-04:00" name="tearDown" finished-at="2022-03-28T17:31:25 GMT-04:00" duration-ms="711" status="PASS">
          <reporter-output>
          </reporter-output>
        </test-method> <!-- tearDown -->
      </class> <!-- com.pom.qa.testcases.HomePageTest -->
      <class name="com.pom.qa.testcases.ForgotPwPageTest">
        <test-method is-config="true" signature="setUp()[pri:0, instance:com.pom.qa.testcases.ForgotPwPageTest@2892d68]" started-at="2022-03-28T17:29:55 GMT-04:00" name="setUp" finished-at="2022-03-28T17:30:03 GMT-04:00" duration-ms="8314" status="PASS">
          <reporter-output>
          </reporter-output>
        </test-method> <!-- setUp -->
        <test-method signature="BackButtonverify()[pri:0, instance:com.pom.qa.testcases.ForgotPwPageTest@2892d68]" started-at="2022-03-28T17:30:03 GMT-04:00" name="BackButtonverify" finished-at="2022-03-28T17:30:03 GMT-04:00" duration-ms="40" status="PASS">
          <reporter-output>
          </reporter-output>
        </test-method> <!-- BackButtonverify -->
        <test-method is-config="true" signature="tearDown()[pri:0, instance:com.pom.qa.testcases.ForgotPwPageTest@2892d68]" started-at="2022-03-28T17:30:03 GMT-04:00" name="tearDown" finished-at="2022-03-28T17:30:04 GMT-04:00" duration-ms="662" status="PASS">
          <reporter-output>
          </reporter-output>
        </test-method> <!-- tearDown -->
        <test-method is-config="true" signature="setUp()[pri:0, instance:com.pom.qa.testcases.ForgotPwPageTest@2892d68]" started-at="2022-03-28T17:30:04 GMT-04:00" name="setUp" finished-at="2022-03-28T17:30:13 GMT-04:00" duration-ms="8899" status="PASS">
          <reporter-output>
          </reporter-output>
        </test-method> <!-- setUp -->
        <test-method signature="emailboxverify()[pri:0, instance:com.pom.qa.testcases.ForgotPwPageTest@2892d68]" started-at="2022-03-28T17:30:13 GMT-04:00" name="emailboxverify" finished-at="2022-03-28T17:30:13 GMT-04:00" duration-ms="57" status="PASS">
          <reporter-output>
          </reporter-output>
        </test-method> <!-- emailboxverify -->
        <test-method is-config="true" signature="tearDown()[pri:0, instance:com.pom.qa.testcases.ForgotPwPageTest@2892d68]" started-at="2022-03-28T17:30:13 GMT-04:00" name="tearDown" finished-at="2022-03-28T17:30:14 GMT-04:00" duration-ms="750" status="PASS">
          <reporter-output>
          </reporter-output>
        </test-method> <!-- tearDown -->
        <test-method is-config="true" signature="setUp()[pri:0, instance:com.pom.qa.testcases.ForgotPwPageTest@2892d68]" started-at="2022-03-28T17:30:14 GMT-04:00" name="setUp" finished-at="2022-03-28T17:30:23 GMT-04:00" duration-ms="9493" status="PASS">
          <reporter-output>
          </reporter-output>
        </test-method> <!-- setUp -->
        <test-method signature="forgotpwstextverify()[pri:0, instance:com.pom.qa.testcases.ForgotPwPageTest@2892d68]" started-at="2022-03-28T17:30:23 GMT-04:00" name="forgotpwstextverify" finished-at="2022-03-28T17:30:23 GMT-04:00" duration-ms="46" status="PASS">
          <reporter-output>
          </reporter-output>
        </test-method> <!-- forgotpwstextverify -->
        <test-method is-config="true" signature="tearDown()[pri:0, instance:com.pom.qa.testcases.ForgotPwPageTest@2892d68]" started-at="2022-03-28T17:30:23 GMT-04:00" name="tearDown" finished-at="2022-03-28T17:30:24 GMT-04:00" duration-ms="704" status="PASS">
          <reporter-output>
          </reporter-output>
        </test-method> <!-- tearDown -->
      </class> <!-- com.pom.qa.testcases.ForgotPwPageTest -->
    </test> <!-- POM Test -->
  </suite> <!-- POM Suite -->
</testng-results>
